  TDI.cpp
c:\users\aitor\documents\github\convolucion-tdi\source\tdi.cpp(46): warning C4996: 'scanf': This function or variable may be unsafe. Consider using scanf_s instead. To disable deprecation, use _CRT_SECURE_NO_WARNINGS. See online help for details.
  c:\program files (x86)\windows kits\10\include\10.0.16299.0\ucrt\stdio.h(1272): note: vea la declaración de 'scanf'
c:\users\aitor\documents\github\convolucion-tdi\source\tdi.cpp(48): warning C4996: 'strcat': This function or variable may be unsafe. Consider using strcat_s instead. To disable deprecation, use _CRT_SECURE_NO_WARNINGS. See online help for details.
  c:\program files (x86)\windows kits\10\include\10.0.16299.0\ucrt\string.h(89): note: vea la declaración de 'strcat'
c:\users\aitor\documents\github\convolucion-tdi\source\tdi.cpp(49): warning C4996: 'strcat': This function or variable may be unsafe. Consider using strcat_s instead. To disable deprecation, use _CRT_SECURE_NO_WARNINGS. See online help for details.
  c:\program files (x86)\windows kits\10\include\10.0.16299.0\ucrt\string.h(89): note: vea la declaración de 'strcat'
c:\users\aitor\documents\github\convolucion-tdi\source\tdi.cpp(78): warning C4996: 'scanf': This function or variable may be unsafe. Consider using scanf_s instead. To disable deprecation, use _CRT_SECURE_NO_WARNINGS. See online help for details.
  c:\program files (x86)\windows kits\10\include\10.0.16299.0\ucrt\stdio.h(1272): note: vea la declaración de 'scanf'
c:\users\aitor\documents\github\convolucion-tdi\source\tdi.cpp(150): warning C4996: 'strcat': This function or variable may be unsafe. Consider using strcat_s instead. To disable deprecation, use _CRT_SECURE_NO_WARNINGS. See online help for details.
  c:\program files (x86)\windows kits\10\include\10.0.16299.0\ucrt\string.h(89): note: vea la declaración de 'strcat'
c:\users\aitor\documents\github\convolucion-tdi\source\tdi.cpp(151): warning C4996: 'strcat': This function or variable may be unsafe. Consider using strcat_s instead. To disable deprecation, use _CRT_SECURE_NO_WARNINGS. See online help for details.
  c:\program files (x86)\windows kits\10\include\10.0.16299.0\ucrt\string.h(89): note: vea la declaración de 'strcat'
c:\users\aitor\documents\github\convolucion-tdi\source\tdi.cpp(173): warning C4244: 'return': conversión de 'double' a 'int'; posible pérdida de datos
c:\users\aitor\documents\github\convolucion-tdi\source\tdi.cpp(177): warning C4244: 'return': conversión de 'double' a 'int'; posible pérdida de datos
c:\users\aitor\documents\github\convolucion-tdi\source\tdi.cpp(181): warning C4244: 'return': conversión de 'double' a 'int'; posible pérdida de datos
c:\users\aitor\documents\github\convolucion-tdi\source\tdi.cpp(185): warning C4244: 'return': conversión de 'double' a 'int'; posible pérdida de datos
c:\users\aitor\documents\github\convolucion-tdi\source\tdi.cpp(189): warning C4244: 'return': conversión de 'double' a 'int'; posible pérdida de datos
c:\users\aitor\documents\github\convolucion-tdi\source\tdi.cpp(193): warning C4244: 'return': conversión de 'double' a 'int'; posible pérdida de datos
c:\users\aitor\documents\github\convolucion-tdi\source\tdi.cpp(197): warning C4244: 'return': conversión de 'double' a 'int'; posible pérdida de datos
c:\users\aitor\documents\github\convolucion-tdi\source\tdi.cpp(201): warning C4244: 'return': conversión de 'double' a 'int'; posible pérdida de datos
c:\users\aitor\documents\github\convolucion-tdi\source\tdi.cpp(204): warning C4244: 'return': conversión de 'double' a 'int'; posible pérdida de datos
c:\users\aitor\documents\github\convolucion-tdi\source\tdi.cpp(240): warning C4996: 'strcat': This function or variable may be unsafe. Consider using strcat_s instead. To disable deprecation, use _CRT_SECURE_NO_WARNINGS. See online help for details.
  c:\program files (x86)\windows kits\10\include\10.0.16299.0\ucrt\string.h(89): note: vea la declaración de 'strcat'
c:\users\aitor\documents\github\convolucion-tdi\source\tdi.cpp(251): warning C4996: 'strcat': This function or variable may be unsafe. Consider using strcat_s instead. To disable deprecation, use _CRT_SECURE_NO_WARNINGS. See online help for details.
  c:\program files (x86)\windows kits\10\include\10.0.16299.0\ucrt\string.h(89): note: vea la declaración de 'strcat'
c:\users\aitor\documents\github\convolucion-tdi\source\tdi.cpp(267): warning C4996: 'strcat': This function or variable may be unsafe. Consider using strcat_s instead. To disable deprecation, use _CRT_SECURE_NO_WARNINGS. See online help for details.
  c:\program files (x86)\windows kits\10\include\10.0.16299.0\ucrt\string.h(89): note: vea la declaración de 'strcat'
c:\users\aitor\documents\github\convolucion-tdi\source\tdi.cpp(283): warning C4996: 'strcat': This function or variable may be unsafe. Consider using strcat_s instead. To disable deprecation, use _CRT_SECURE_NO_WARNINGS. See online help for details.
  c:\program files (x86)\windows kits\10\include\10.0.16299.0\ucrt\string.h(89): note: vea la declaración de 'strcat'
c:\users\aitor\documents\github\convolucion-tdi\source\tdi.cpp(293): warning C4996: 'strcat': This function or variable may be unsafe. Consider using strcat_s instead. To disable deprecation, use _CRT_SECURE_NO_WARNINGS. See online help for details.
  c:\program files (x86)\windows kits\10\include\10.0.16299.0\ucrt\string.h(89): note: vea la declaración de 'strcat'
c:\users\aitor\documents\github\convolucion-tdi\source\tdi.cpp(304): warning C4996: 'strcat': This function or variable may be unsafe. Consider using strcat_s instead. To disable deprecation, use _CRT_SECURE_NO_WARNINGS. See online help for details.
  c:\program files (x86)\windows kits\10\include\10.0.16299.0\ucrt\string.h(89): note: vea la declaración de 'strcat'
c:\users\aitor\documents\github\convolucion-tdi\source\tdi.cpp(315): warning C4996: 'strcat': This function or variable may be unsafe. Consider using strcat_s instead. To disable deprecation, use _CRT_SECURE_NO_WARNINGS. See online help for details.
  c:\program files (x86)\windows kits\10\include\10.0.16299.0\ucrt\string.h(89): note: vea la declaración de 'strcat'
c:\users\aitor\documents\github\convolucion-tdi\source\tdi.cpp(330): warning C4996: 'strcat': This function or variable may be unsafe. Consider using strcat_s instead. To disable deprecation, use _CRT_SECURE_NO_WARNINGS. See online help for details.
  c:\program files (x86)\windows kits\10\include\10.0.16299.0\ucrt\string.h(89): note: vea la declaración de 'strcat'
c:\users\aitor\documents\github\convolucion-tdi\source\tdi.cpp(357): warning C4996: 'strcat': This function or variable may be unsafe. Consider using strcat_s instead. To disable deprecation, use _CRT_SECURE_NO_WARNINGS. See online help for details.
  c:\program files (x86)\windows kits\10\include\10.0.16299.0\ucrt\string.h(89): note: vea la declaración de 'strcat'
c:\users\aitor\documents\github\convolucion-tdi\source\tdi.cpp(372): warning C4996: 'strcat': This function or variable may be unsafe. Consider using strcat_s instead. To disable deprecation, use _CRT_SECURE_NO_WARNINGS. See online help for details.
  c:\program files (x86)\windows kits\10\include\10.0.16299.0\ucrt\string.h(89): note: vea la declaración de 'strcat'
c:\users\aitor\documents\github\convolucion-tdi\source\tdi.cpp(388): warning C4996: 'strcat': This function or variable may be unsafe. Consider using strcat_s instead. To disable deprecation, use _CRT_SECURE_NO_WARNINGS. See online help for details.
  c:\program files (x86)\windows kits\10\include\10.0.16299.0\ucrt\string.h(89): note: vea la declaración de 'strcat'
c:\users\aitor\documents\github\convolucion-tdi\source\tdi.cpp(404): warning C4996: 'strcat': This function or variable may be unsafe. Consider using strcat_s instead. To disable deprecation, use _CRT_SECURE_NO_WARNINGS. See online help for details.
  c:\program files (x86)\windows kits\10\include\10.0.16299.0\ucrt\string.h(89): note: vea la declaración de 'strcat'
  TDI.vcxproj -> C:\Users\aitor\Documents\GitHub\Convolucion-TDI\Debug\TDI.exe
